<?xml version="1.0" encoding="utf-8"?><testsuites name="pytest tests"><testsuite name="pytest" errors="0" failures="0" skipped="0" tests="7" time="1.568" timestamp="2026-04-30T23:37:29.887652+00:00" hostname="agent-env-8f45c01d-68bb-4d82-88ad-186345ded462"><testcase classname="backend.tests.test_achat_direct.TestProductEndpoint" name="test_get_product_details" time="0.151" /><testcase classname="backend.tests.test_achat_direct.TestDirectPurchaseOrder" name="test_create_direct_purchase_order_authenticated" time="0.249" /><testcase classname="backend.tests.test_achat_direct.TestDirectPurchaseOrder" name="test_create_order_with_multiple_quantity" time="0.172" /><testcase classname="backend.tests.test_achat_direct.TestDirectPurchaseOrder" name="test_create_order_invalid_product" time="0.218" /><testcase classname="backend.tests.test_achat_direct.TestDirectPurchaseOrder" name="test_get_order_after_creation" time="0.233" /><testcase classname="backend.tests.test_achat_direct.TestOrderTracking" name="test_track_order_public" time="0.217" /><testcase classname="backend.tests.test_achat_direct.TestDeliveryFee" name="test_delivery_fee_applied" time="0.276" /></testsuite></testsuites>