<?xml version="1.0" encoding="utf-8"?><testsuites name="pytest tests"><testsuite name="pytest" errors="0" failures="0" skipped="0" tests="18" time="4.246" timestamp="2026-05-01T17:39:20.930601+00:00" hostname="agent-env-8f45c01d-68bb-4d82-88ad-186345ded462"><testcase classname="backend.tests.test_animation_features.TestHealthAndBasics" name="test_health_endpoint" time="0.155" /><testcase classname="backend.tests.test_animation_features.TestHealthAndBasics" name="test_root_endpoint" time="0.111" /><testcase classname="backend.tests.test_animation_features.TestRevendeurDashboard" name="test_revendeur_login" time="0.116" /><testcase classname="backend.tests.test_animation_features.TestRevendeurDashboard" name="test_revendeur_dashboard_stats" time="0.257" /><testcase classname="backend.tests.test_animation_features.TestRevendeurDashboard" name="test_revendeur_dashboard_recent_orders" time="0.264" /><testcase classname="backend.tests.test_animation_features.TestRevendeurDashboard" name="test_revendeur_catalog" time="0.236" /><testcase classname="backend.tests.test_animation_features.TestRevendeurDashboard" name="test_revendeur_my_products" time="0.211" /><testcase classname="backend.tests.test_animation_features.TestRevendeurDashboard" name="test_revendeur_orders" time="0.214" /><testcase classname="backend.tests.test_animation_features.TestRevendeurDashboard" name="test_revendeur_earnings" time="0.229" /><testcase classname="backend.tests.test_animation_features.TestVendorDashboard" name="test_vendor_login" time="0.128" /><testcase classname="backend.tests.test_animation_features.TestVendorDashboard" name="test_vendor_dashboard_stats" time="0.209" /><testcase classname="backend.tests.test_animation_features.TestVendorDashboard" name="test_vendor_dashboard_subscription" time="0.220" /><testcase classname="backend.tests.test_animation_features.TestVendorDashboard" name="test_vendor_products" time="0.232" /><testcase classname="backend.tests.test_animation_features.TestProductPublicationFlow" name="test_public_shop_endpoint" time="0.289" /><testcase classname="backend.tests.test_animation_features.TestProductPublicationFlow" name="test_revendeur_product_appears_on_public_shop" time="0.459" /><testcase classname="backend.tests.test_animation_features.TestProductPublicationFlow" name="test_add_product_to_catalog_flow" time="0.382" /><testcase classname="backend.tests.test_animation_features.TestAnimatedComponentsData" name="test_revendeur_stats_numeric_for_animated_number" time="0.240" /><testcase classname="backend.tests.test_animation_features.TestAnimatedComponentsData" name="test_vendor_stats_numeric_for_animated_number" time="0.206" /></testsuite></testsuites>