<?xml version="1.0" encoding="utf-8"?><testsuites name="pytest tests"><testsuite name="pytest" errors="0" failures="1" skipped="0" tests="17" time="2.457" timestamp="2026-04-24T16:49:17.495440+00:00" hostname="agent-env-8f45c01d-68bb-4d82-88ad-186345ded462"><testcase classname="backend.tests.test_chat_system.TestChatSystemSetup" name="test_backend_health" time="0.225" /><testcase classname="backend.tests.test_chat_system.TestChatSystemSetup" name="test_vendor_login" time="0.062" /><testcase classname="backend.tests.test_chat_system.TestChatSystemSetup" name="test_dropshipper_login" time="0.066" /><testcase classname="backend.tests.test_chat_system.TestChatConversations" name="test_start_conversation_with_vendor_product" time="0.343" /><testcase classname="backend.tests.test_chat_system.TestChatConversations" name="test_start_conversation_without_auth_fails" time="0.067" /><testcase classname="backend.tests.test_chat_system.TestChatConversations" name="test_start_conversation_without_product_fails" time="0.052" /><testcase classname="backend.tests.test_chat_system.TestChatConversations" name="test_send_message_in_conversation" time="0.129" /><testcase classname="backend.tests.test_chat_system.TestChatConversations" name="test_get_conversation_with_messages" time="0.120" /><testcase classname="backend.tests.test_chat_system.TestChatConversations" name="test_vendor_can_see_conversations" time="0.066" /><testcase classname="backend.tests.test_chat_system.TestChatConversations" name="test_vendor_can_reply_to_conversation" time="0.212"><failure message="AssertionError: Failed: {&quot;detail&quot;:&quot;Accès non autorisé&quot;}&#10;assert 403 == 200&#10; +  where 403 = &lt;Response [403]&gt;.status_code">backend/tests/test_chat_system.py:270: in test_vendor_can_reply_to_conversation
    assert response.status_code == 200, f"Failed: {response.text}"
E   AssertionError: Failed: {"detail":"Accès non autorisé"}
E   assert 403 == 200
E    +  where 403 = &lt;Response [403]&gt;.status_code</failure></testcase><testcase classname="backend.tests.test_chat_system.TestChatConversations" name="test_dropshipper_can_see_conversations" time="0.100" /><testcase classname="backend.tests.test_chat_system.TestChatConversations" name="test_start_conversation_with_dropshipped_product" time="0.101" /><testcase classname="backend.tests.test_chat_system.TestChatConversations" name="test_messages_grouped_by_date_structure" time="0.152" /><testcase classname="backend.tests.test_chat_system.TestChatConversations" name="test_unread_badge_increments" time="0.223" /><testcase classname="backend.tests.test_chat_system.TestChatEdgeCases" name="test_conversation_with_invalid_product_fails" time="0.168" /><testcase classname="backend.tests.test_chat_system.TestChatEdgeCases" name="test_message_to_invalid_conversation_fails" time="0.056" /><testcase classname="backend.tests.test_chat_system.TestChatEdgeCases" name="test_access_other_users_conversation_fails" time="0.219" /></testsuite></testsuites>