<?xml version="1.0" encoding="utf-8"?><testsuites name="pytest tests"><testsuite name="pytest" errors="0" failures="0" skipped="0" tests="18" time="2.718" timestamp="2026-03-28T00:41:30.937297+00:00" hostname="agent-env-8f45c01d-68bb-4d82-88ad-186345ded462"><testcase classname="backend.tests.test_delivery_system.TestDeliverySystemSetup" name="test_health_check" time="0.165" /><testcase classname="backend.tests.test_delivery_system.TestDeliverySystemSetup" name="test_admin_login" time="0.122" /><testcase classname="backend.tests.test_delivery_system.TestDeliverySystemSetup" name="test_driver_login" time="0.135" /><testcase classname="backend.tests.test_delivery_system.TestOrderCreation" name="test_create_order_success" time="0.163" /><testcase classname="backend.tests.test_delivery_system.TestOrderCreation" name="test_create_order_invalid_product" time="0.047" /><testcase classname="backend.tests.test_delivery_system.TestOrderTracking" name="test_track_order_public" time="0.245" /><testcase classname="backend.tests.test_delivery_system.TestOrderTracking" name="test_track_order_not_found" time="0.058" /><testcase classname="backend.tests.test_delivery_system.TestDriverActions" name="test_driver_dashboard" time="0.201" /><testcase classname="backend.tests.test_delivery_system.TestDriverActions" name="test_driver_accept_order" time="0.235" /><testcase classname="backend.tests.test_delivery_system.TestDriverActions" name="test_driver_pickup_order" time="0.050" /><testcase classname="backend.tests.test_delivery_system.TestDriverActions" name="test_driver_deliver_order" time="0.117" /><testcase classname="backend.tests.test_delivery_system.TestDriverLocationUpdate" name="test_update_driver_location" time="0.167" /><testcase classname="backend.tests.test_delivery_system.TestDriverLocationUpdate" name="test_update_driver_status" time="0.056" /><testcase classname="backend.tests.test_delivery_system.TestAdminOrderStats" name="test_get_order_stats" time="0.160" /><testcase classname="backend.tests.test_delivery_system.TestAdminOrderStats" name="test_get_admin_orders" time="0.052" /><testcase classname="backend.tests.test_delivery_system.TestAdminOrderStats" name="test_get_admin_driver_locations" time="0.050" /><testcase classname="backend.tests.test_delivery_system.TestOrderWorkflow" name="test_complete_order_workflow" time="0.446" /><testcase classname="backend.tests.test_delivery_system.TestCleanup" name="test_cleanup_test_orders" time="0.183" /></testsuite></testsuites>