<?xml version="1.0" encoding="utf-8"?><testsuites name="pytest tests"><testsuite name="pytest" errors="0" failures="0" skipped="0" tests="21" time="3.190" timestamp="2026-04-24T15:48:13.950576+00:00" hostname="agent-env-8f45c01d-68bb-4d82-88ad-186345ded462"><testcase classname="tests.test_dropshipping.TestDropshipperRegistration" name="test_register_dropshipper_success" time="0.184" /><testcase classname="tests.test_dropshipping.TestDropshipperRegistration" name="test_register_duplicate_email_fails" time="0.113" /><testcase classname="tests.test_dropshipping.TestDropshipperLogin" name="test_login_dropshipper" time="0.160" /><testcase classname="tests.test_dropshipping.TestDropshipperLogin" name="test_login_existing_dropshipper" time="0.120" /><testcase classname="tests.test_dropshipping.TestDropshipperDashboard" name="test_dashboard_requires_auth" time="0.123" /><testcase classname="tests.test_dropshipping.TestDropshipperDashboard" name="test_dashboard_returns_data" time="0.128" /><testcase classname="tests.test_dropshipping.TestDropshipperCatalog" name="test_catalog_requires_auth" time="0.128" /><testcase classname="tests.test_dropshipping.TestDropshipperCatalog" name="test_catalog_returns_products" time="0.142" /><testcase classname="tests.test_dropshipping.TestDropshipperCatalog" name="test_catalog_search" time="0.117" /><testcase classname="tests.test_dropshipping.TestDropshipperProducts" name="test_add_product_to_catalog" time="0.164" /><testcase classname="tests.test_dropshipping.TestDropshipperProducts" name="test_get_my_products" time="0.139" /><testcase classname="tests.test_dropshipping.TestDropshipperProducts" name="test_update_product_price" time="0.135" /><testcase classname="tests.test_dropshipping.TestDropshipperProducts" name="test_toggle_product_status" time="0.267" /><testcase classname="tests.test_dropshipping.TestPublicShop" name="test_shop_access_by_slug" time="0.121" /><testcase classname="tests.test_dropshipping.TestPublicShop" name="test_existing_shop_access" time="0.132" /><testcase classname="tests.test_dropshipping.TestPublicShop" name="test_invalid_shop_returns_404" time="0.124" /><testcase classname="tests.test_dropshipping.TestAdminDropshippers" name="test_admin_get_dropshippers" time="0.222" /><testcase classname="tests.test_dropshipping.TestAdminDropshippers" name="test_admin_get_dropshipping_stats" time="0.249" /><testcase classname="tests.test_dropshipping.TestDropshipperOrders" name="test_get_orders" time="0.109" /><testcase classname="tests.test_dropshipping.TestDropshipperOrders" name="test_get_earnings" time="0.120" /><testcase classname="tests.test_dropshipping.TestCleanup" name="test_delete_test_product" time="0.109" /></testsuite></testsuites>