<?xml version="1.0" encoding="utf-8"?><testsuites name="pytest tests"><testsuite name="pytest" errors="0" failures="0" skipped="0" tests="25" time="6.076" timestamp="2026-04-29T15:50:58.723910+00:00" hostname="agent-env-8f45c01d-68bb-4d82-88ad-186345ded462"><testcase classname="backend.tests.test_iteration_11.TestHealthAndBasics" name="test_api_health" time="0.290" /><testcase classname="backend.tests.test_iteration_11.TestHealthAndBasics" name="test_api_root" time="0.112" /><testcase classname="backend.tests.test_iteration_11.TestAuthentication" name="test_login_test_customer" time="0.116" /><testcase classname="backend.tests.test_iteration_11.TestAuthentication" name="test_login_admin" time="0.125" /><testcase classname="backend.tests.test_iteration_11.TestCategories" name="test_get_categories" time="0.105" /><testcase classname="backend.tests.test_iteration_11.TestCategories" name="test_get_category_by_slug" time="0.289" /><testcase classname="backend.tests.test_iteration_11.TestProducts" name="test_get_products" time="0.118" /><testcase classname="backend.tests.test_iteration_11.TestProducts" name="test_get_products_with_filters" time="0.235" /><testcase classname="backend.tests.test_iteration_11.TestProducts" name="test_get_featured_products" time="0.120" /><testcase classname="backend.tests.test_iteration_11.TestProducts" name="test_get_single_product" time="0.223" /><testcase classname="backend.tests.test_iteration_11.TestProducts" name="test_search_products" time="0.111" /><testcase classname="backend.tests.test_iteration_11.TestCart" name="test_add_to_cart" time="0.251" /><testcase classname="backend.tests.test_iteration_11.TestCart" name="test_get_cart" time="0.362" /><testcase classname="backend.tests.test_iteration_11.TestCart" name="test_clear_cart" time="0.112" /><testcase classname="backend.tests.test_iteration_11.TestFavorites" name="test_add_favorite" time="0.361" /><testcase classname="backend.tests.test_iteration_11.TestFavorites" name="test_get_favorites" time="0.431" /><testcase classname="backend.tests.test_iteration_11.TestFavorites" name="test_remove_favorite" time="0.339" /><testcase classname="backend.tests.test_iteration_11.TestUserFavorites" name="test_add_user_favorite" time="0.350" /><testcase classname="backend.tests.test_iteration_11.TestUserFavorites" name="test_get_user_favorites" time="0.234" /><testcase classname="backend.tests.test_iteration_11.TestChatSystem" name="test_get_conversations_list" time="0.246" /><testcase classname="backend.tests.test_iteration_11.TestChatSystem" name="test_start_conversation_with_product" time="0.335" /><testcase classname="backend.tests.test_iteration_11.TestChatSystem" name="test_send_message_in_conversation" time="0.485" /><testcase classname="backend.tests.test_iteration_11.TestChatSystem" name="test_get_conversation_with_messages" time="0.364" /><testcase classname="backend.tests.test_iteration_11.TestPublicStats" name="test_get_public_stats" time="0.121" /><testcase classname="backend.tests.test_iteration_11.TestSubscriptionPlans" name="test_get_subscription_plans" time="0.100" /></testsuite></testsuites>