<?xml version="1.0" encoding="utf-8"?><testsuites name="pytest tests"><testsuite name="pytest" errors="0" failures="0" skipped="0" tests="22" time="5.219" timestamp="2026-05-01T00:07:44.398787+00:00" hostname="agent-env-8f45c01d-68bb-4d82-88ad-186345ded462"><testcase classname="backend.tests.test_new_features.TestHealthCheck" name="test_api_health" time="0.268" /><testcase classname="backend.tests.test_new_features.TestAuthentication" name="test_customer_login" time="0.154" /><testcase classname="backend.tests.test_new_features.TestAuthentication" name="test_revendeur_login" time="0.145" /><testcase classname="backend.tests.test_new_features.TestProfileSettings" name="test_get_current_user_profile" time="0.288" /><testcase classname="backend.tests.test_new_features.TestProfileSettings" name="test_update_profile_name" time="0.477" /><testcase classname="backend.tests.test_new_features.TestProfileSettings" name="test_update_profile_phone" time="0.223" /><testcase classname="backend.tests.test_new_features.TestProfileSettings" name="test_update_profile_city" time="0.246" /><testcase classname="backend.tests.test_new_features.TestProfileSettings" name="test_update_profile_multiple_fields" time="0.229" /><testcase classname="backend.tests.test_new_features.TestProfileSettings" name="test_update_profile_empty_data" time="0.242" /><testcase classname="backend.tests.test_new_features.TestProfileSettings" name="test_update_profile_unauthorized" time="0.127" /><testcase classname="backend.tests.test_new_features.TestProfileSettings" name="test_revendeur_update_shop_info" time="0.292" /><testcase classname="backend.tests.test_new_features.TestPasswordChange" name="test_change_password_success" time="0.490" /><testcase classname="backend.tests.test_new_features.TestPasswordChange" name="test_change_password_wrong_current" time="0.240" /><testcase classname="backend.tests.test_new_features.TestPasswordChange" name="test_change_password_too_short" time="0.214" /><testcase classname="backend.tests.test_new_features.TestPasswordChange" name="test_change_password_missing_fields" time="0.221" /><testcase classname="backend.tests.test_new_features.TestPasswordChange" name="test_change_password_unauthorized" time="0.113" /><testcase classname="backend.tests.test_new_features.TestProfilePhotoUpload" name="test_upload_photo_endpoint_exists" time="0.222" /><testcase classname="backend.tests.test_new_features.TestProfilePhotoUpload" name="test_upload_photo_unauthorized" time="0.119" /><testcase classname="backend.tests.test_new_features.TestProductsWithPromo" name="test_get_products_with_promo" time="0.108" /><testcase classname="backend.tests.test_new_features.TestProductsWithPromo" name="test_get_single_product_with_promo" time="0.275" /><testcase classname="backend.tests.test_new_features.TestDropshippedProducts" name="test_get_dropshipped_products" time="0.214" /><testcase classname="backend.tests.test_new_features.TestDropshippedProducts" name="test_get_dropshipper_dashboard" time="0.230" /></testsuite></testsuites>