<?xml version="1.0" encoding="utf-8"?><testsuites name="pytest tests"><testsuite name="pytest" errors="0" failures="0" skipped="0" tests="26" time="6.441" timestamp="2026-03-22T12:46:16.612816+00:00" hostname="agent-env-8f45c01d-68bb-4d82-88ad-186345ded462"><testcase classname="tests.test_phase3_features.TestHealthAndBasics" name="test_api_health" time="0.237" /><testcase classname="tests.test_phase3_features.TestHealthAndBasics" name="test_api_root" time="0.109" /><testcase classname="tests.test_phase3_features.TestAdminAuthentication" name="test_admin_login_success" time="0.114" /><testcase classname="tests.test_phase3_features.TestAdminAuthentication" name="test_admin_login_invalid" time="0.103" /><testcase classname="tests.test_phase3_features.TestAdminDashboard" name="test_admin_dashboard_stats" time="0.209" /><testcase classname="tests.test_phase3_features.TestAdminDashboard" name="test_admin_vendors_list" time="0.281" /><testcase classname="tests.test_phase3_features.TestAdminDashboard" name="test_admin_drivers_list" time="0.235" /><testcase classname="tests.test_phase3_features.TestAdminDashboard" name="test_admin_products_list" time="0.217" /><testcase classname="tests.test_phase3_features.TestAdminDashboard" name="test_admin_pending_products" time="0.248" /><testcase classname="tests.test_phase3_features.TestAdminDashboard" name="test_admin_transactions" time="0.199" /><testcase classname="tests.test_phase3_features.TestAdminSettings" name="test_vendor_settings" time="0.231" /><testcase classname="tests.test_phase3_features.TestAdminSettings" name="test_delivery_settings" time="0.196" /><testcase classname="tests.test_phase3_features.TestAdminSettings" name="test_platform_settings" time="0.201" /><testcase classname="tests.test_phase3_features.TestAdminSettings" name="test_update_vendor_settings" time="0.335" /><testcase classname="tests.test_phase3_features.TestDriverRegistration" name="test_driver_registration" time="0.104" /><testcase classname="tests.test_phase3_features.TestDriverRegistration" name="test_driver_dashboard_access" time="0.190" /><testcase classname="tests.test_phase3_features.TestDriverRegistration" name="test_driver_status_update" time="0.206" /><testcase classname="tests.test_phase3_features.TestDriverRegistration" name="test_driver_location_update" time="0.208" /><testcase classname="tests.test_phase3_features.TestDriverRegistration" name="test_admin_verify_driver" time="0.340" /><testcase classname="tests.test_phase3_features.TestDriverRegistration" name="test_admin_toggle_driver" time="0.315" /><testcase classname="tests.test_phase3_features.TestFileUpload" name="test_upload_endpoint_requires_auth" time="0.097" /><testcase classname="tests.test_phase3_features.TestFileUpload" name="test_upload_single_file" time="0.227" /><testcase classname="tests.test_phase3_features.TestFileUpload" name="test_upload_multiple_files" time="0.217" /><testcase classname="tests.test_phase3_features.TestFileUpload" name="test_upload_invalid_file_type" time="0.214" /><testcase classname="tests.test_phase3_features.TestVendorProductWithImages" name="test_create_product_with_images" time="0.356" /><testcase classname="tests.test_phase3_features.TestCleanup" name="test_cleanup_test_drivers" time="0.844" /></testsuite></testsuites>