<?xml version="1.0" encoding="utf-8"?><testsuites name="pytest tests"><testsuite name="pytest" errors="0" failures="0" skipped="0" tests="10" time="3.184" timestamp="2026-04-30T18:06:11.547348+00:00" hostname="agent-env-8f45c01d-68bb-4d82-88ad-186345ded462"><testcase classname="backend.tests.test_revendeur_system.TestRevendeurAuth" name="test_revendeur_login" time="0.227" /><testcase classname="backend.tests.test_revendeur_system.TestRevendeurAuth" name="test_revendeur_registration_endpoint_exists" time="0.171" /><testcase classname="backend.tests.test_revendeur_system.TestRevendeurDashboard" name="test_revendeur_dashboard" time="0.248" /><testcase classname="backend.tests.test_revendeur_system.TestRevendeurDashboard" name="test_revendeur_catalog" time="0.279" /><testcase classname="backend.tests.test_revendeur_system.TestRevendeurDashboard" name="test_revendeur_products" time="0.267" /><testcase classname="backend.tests.test_revendeur_system.TestRevendeurDashboard" name="test_revendeur_orders" time="0.272" /><testcase classname="backend.tests.test_revendeur_system.TestRevendeurDashboard" name="test_revendeur_earnings" time="0.263" /><testcase classname="backend.tests.test_revendeur_system.TestAdminRevendeurs" name="test_admin_revendeurs_list" time="0.246" /><testcase classname="backend.tests.test_revendeur_system.TestAdminRevendeurs" name="test_admin_revendeurs_has_correct_fields" time="0.295" /><testcase classname="backend.tests.test_revendeur_system.TestRouteAliases" name="test_revendeur_routes_exist" time="0.804" /></testsuite></testsuites>